<?xml version="1.0" encoding="UTF-8"?>
<testsuite xmlns:xsi="http://www.w3.org/2001/XMLSchema-instance" xsi:noNamespaceSchemaLocation="https://maven.apache.org/surefire/maven-surefire-plugin/xsd/surefire-test-report.xsd" name="com.souhail.weapp.AlphaShopWebService.tests.ControllerTests.SelectArtTest" time="11.769" tests="5" errors="3" skipped="0" failures="1">
  <properties>
[...]
</properties>
  <testcase name="listArtByEan" classname="com.souhail.weapp.AlphaShopWebService.tests.ControllerTests.SelectArtTest" time="0.515">
    <error message="Request processing failed; nested exception is java.lang.NullPointerException" type="org.springframework.web.util.NestedServletException">org.springframework.web.util.NestedServletException: Request processing failed; nested exception is java.lang.NullPointerException
	at com.souhail.weapp.AlphaShopWebService.tests.ControllerTests.SelectArtTest.listArtByEan(SelectArtTest.java:82)
Caused by: java.lang.NullPointerException
	at com.souhail.weapp.AlphaShopWebService.tests.ControllerTests.SelectArtTest.listArtByEan(SelectArtTest.java:82)
</error>
    <system-out><![CDATA[14:43:40.907 [main] DEBUG org.springframework.test.context.BootstrapUtils - Instantiating CacheAwareContextLoaderDelegate from class [org.springframework.test.context.cache.DefaultCacheAwareContextLoaderDelegate]
14:43:40.928 [main] DEBUG org.springframework.test.context.BootstrapUtils - Instantiating BootstrapContext using constructor [public org.springframework.test.context.support.DefaultBootstrapContext(java.lang.Class,org.springframework.test.context.CacheAwareContextLoaderDelegate)]
14:43:41.027 [main] DEBUG org.springframework.test.context.BootstrapUtils - Instantiating TestContextBootstrapper for test class [com.souhail.weapp.AlphaShopWebService.tests.ControllerTests.SelectArtTest] from class [org.springframework.boot.test.context.SpringBootTestContextBootstrapper]
14:43:41.050 [main] DEBUG org.springframework.test.context.support.AbstractContextLoader - Did not detect default resource location for test class [com.souhail.weapp.AlphaShopWebService.tests.ControllerTests.SelectArtTest]: class path resource [com/souhail/weapp/AlphaShopWebService/tests/ControllerTests/SelectArtTest-context.xml] does not exist
14:43:41.052 [main] DEBUG org.springframework.test.context.support.AbstractContextLoader - Did not detect default resource location for test class [com.souhail.weapp.AlphaShopWebService.tests.ControllerTests.SelectArtTest]: class path resource [com/souhail/weapp/AlphaShopWebService/tests/ControllerTests/SelectArtTestContext.groovy] does not exist
14:43:41.053 [main] INFO org.springframework.test.context.support.AbstractContextLoader - Could not detect default resource locations for test class [com.souhail.weapp.AlphaShopWebService.tests.ControllerTests.SelectArtTest]: no resource found for suffixes {-context.xml, Context.groovy}.
14:43:41.113 [main] DEBUG org.springframework.test.context.support.ActiveProfilesUtils - Could not find an 'annotation declaring class' for annotation type [org.springframework.test.context.ActiveProfiles] and class [com.souhail.weapp.AlphaShopWebService.tests.ControllerTests.SelectArtTest]
14:43:41.261 [main] DEBUG org.springframework.boot.test.context.SpringBootTestContextBootstrapper - @TestExecutionListeners is not present for class [com.souhail.weapp.AlphaShopWebService.tests.ControllerTests.SelectArtTest]: using defaults.
14:43:41.262 [main] INFO org.springframework.boot.test.context.SpringBootTestContextBootstrapper - Loaded default TestExecutionListener class names from location [META-INF/spring.factories]: [org.springframework.boot.test.mock.mockito.MockitoTestExecutionListener, org.springframework.boot.test.mock.mockito.ResetMocksTestExecutionListener, org.springframework.boot.test.autoconfigure.restdocs.RestDocsTestExecutionListener, org.springframework.boot.test.autoconfigure.web.client.MockRestServiceServerResetTestExecutionListener, org.springframework.boot.test.autoconfigure.web.servlet.MockMvcPrintOnlyOnFailureTestExecutionListener, org.springframework.boot.test.autoconfigure.web.servlet.WebDriverTestExecutionListener, org.springframework.boot.test.autoconfigure.webservices.client.MockWebServiceServerTestExecutionListener, org.springframework.test.context.web.ServletTestExecutionListener, org.springframework.test.context.support.DirtiesContextBeforeModesTestExecutionListener, org.springframework.test.context.event.ApplicationEventsTestExecutionListener, org.springframework.test.context.support.DependencyInjectionTestExecutionListener, org.springframework.test.context.support.DirtiesContextTestExecutionListener, org.springframework.test.context.transaction.TransactionalTestExecutionListener, org.springframework.test.context.jdbc.SqlScriptsTestExecutionListener, org.springframework.test.context.event.EventPublishingTestExecutionListener]
14:43:41.285 [main] INFO org.springframework.boot.test.context.SpringBootTestContextBootstrapper - Using TestExecutionListeners: [org.springframework.test.context.web.ServletTestExecutionListener@dfddc9a, org.springframework.test.context.support.DirtiesContextBeforeModesTestExecutionListener@4b9df8a, org.springframework.test.context.event.ApplicationEventsTestExecutionListener@5e8ac0e1, org.springframework.boot.test.mock.mockito.MockitoTestExecutionListener@aafcffa, org.springframework.boot.test.autoconfigure.SpringBootDependencyInjectionTestExecutionListener@6955cb39, org.springframework.test.context.support.DirtiesContextTestExecutionListener@235a0c16, org.springframework.test.context.transaction.TransactionalTestExecutionListener@2b5f4d54, org.springframework.test.context.jdbc.SqlScriptsTestExecutionListener@5f7b97da, org.springframework.test.context.event.EventPublishingTestExecutionListener@18b0930f, org.springframework.boot.test.mock.mockito.ResetMocksTestExecutionListener@6b7906b3, org.springframework.boot.test.autoconfigure.restdocs.RestDocsTestExecutionListener@3a1dd365, org.springframework.boot.test.autoconfigure.web.client.MockRestServiceServerResetTestExecutionListener@395b56bb, org.springframework.boot.test.autoconfigure.web.servlet.MockMvcPrintOnlyOnFailureTestExecutionListener@256f8274, org.springframework.boot.test.autoconfigure.web.servlet.WebDriverTestExecutionListener@68044f4, org.springframework.boot.test.autoconfigure.webservices.client.MockWebServiceServerTestExecutionListener@52d239ba]
14:43:41.290 [main] DEBUG org.springframework.test.context.support.AbstractDirtiesContextTestExecutionListener - Before test class: context [DefaultTestContext@5553d0f5 testClass = SelectArtTest, testInstance = [null], testMethod = [null], testException = [null], mergedContextConfiguration = [WebMergedContextConfiguration@1af687fe testClass = SelectArtTest, locations = '{}', classes = '{class com.souhail.weapp.AlphaShopWebService.Application}', contextInitializerClasses = '[]', activeProfiles = '{}', propertySourceLocations = '{}', propertySourceProperties = '{org.springframework.boot.test.context.SpringBootTestContextBootstrapper=true}', contextCustomizers = set[org.springframework.boot.test.context.filter.ExcludeFilterContextCustomizer@68034211, org.springframework.boot.test.json.DuplicateJsonObjectContextCustomizerFactory$DuplicateJsonObjectContextCustomizer@4167d97b, org.springframework.boot.test.mock.mockito.MockitoContextCustomizer@0, org.springframework.boot.test.web.client.TestRestTemplateContextCustomizer@7ef27d7f, org.springframework.boot.test.autoconfigure.actuate.metrics.MetricsExportContextCustomizerFactory$DisableMetricExportContextCustomizer@27adc16e, org.springframework.boot.test.autoconfigure.properties.PropertyMappingContextCustomizer@0, org.springframework.boot.test.autoconfigure.web.servlet.WebDriverContextCustomizerFactory$Customizer@c7045b9, org.springframework.boot.test.context.SpringBootTestArgs@1, org.springframework.boot.test.context.SpringBootTestWebEnvironment@55b7a4e0], resourceBasePath = 'src/main/webapp', contextLoader = 'org.springframework.boot.test.context.SpringBootContextLoader', parent = [null]], attributes = map['org.springframework.test.context.web.ServletTestExecutionListener.activateListener' -> true]], class annotated with @DirtiesContext [false] with mode [null].

  .   ____          _            __ _ _
 /\\ / ___'_ __ _ _(_)_ __  __ _ \ \ \ \
( ( )\___ | '_ | '_| | '_ \/ _` | \ \ \ \
 \\/  ___)| |_)| | | | | || (_| |  ) ) ) )
  '  |____| .__|_| |_|_| |_\__, | / / / /
 =========|_|==============|___/=/_/_/_/
 :: Spring Boot ::                (v2.7.0)

2022-08-09 14:43:41.825  INFO 31716 --- [           main] c.s.w.A.t.ControllerTests.SelectArtTest  : Starting SelectArtTest using Java 11.0.15 on DESKTOP-7Q192Q1 with PID 31716 (started by contrader in C:\Users\contrader\Desktop\FullAngular\FullStackDev\AlphaShopWebService)
2022-08-09 14:43:41.826  INFO 31716 --- [           main] c.s.w.A.t.ControllerTests.SelectArtTest  : No active profile set, falling back to 1 default profile: "default"
2022-08-09 14:43:43.335  INFO 31716 --- [           main] .s.d.r.c.RepositoryConfigurationDelegate : Bootstrapping Spring Data JPA repositories in DEFAULT mode.
2022-08-09 14:43:43.475  INFO 31716 --- [           main] .s.d.r.c.RepositoryConfigurationDelegate : Finished Spring Data repository scanning in 118 ms. Found 2 JPA repository interfaces.
2022-08-09 14:43:44.608  INFO 31716 --- [           main] o.hibernate.jpa.internal.util.LogHelper  : HHH000204: Processing PersistenceUnitInfo [name: default]
2022-08-09 14:43:44.726  INFO 31716 --- [           main] org.hibernate.Version                    : HHH000412: Hibernate ORM core version 5.6.9.Final
2022-08-09 14:43:45.013  INFO 31716 --- [           main] o.hibernate.annotations.common.Version   : HCANN000001: Hibernate Commons Annotations {5.1.2.Final}
2022-08-09 14:43:45.514  INFO 31716 --- [           main] com.zaxxer.hikari.HikariDataSource       : HikariPool-1 - Starting...
2022-08-09 14:43:45.812  INFO 31716 --- [           main] com.zaxxer.hikari.HikariDataSource       : HikariPool-1 - Start completed.
2022-08-09 14:43:45.841  INFO 31716 --- [           main] org.hibernate.dialect.Dialect            : HHH000400: Using dialect: org.hibernate.dialect.PostgreSQLDialect
2022-08-09 14:43:46.894  INFO 31716 --- [           main] o.h.e.t.j.p.i.JtaPlatformInitiator       : HHH000490: Using JtaPlatform implementation: [org.hibernate.engine.transaction.jta.platform.internal.NoJtaPlatform]
2022-08-09 14:43:46.906  INFO 31716 --- [           main] j.LocalContainerEntityManagerFactoryBean : Initialized JPA EntityManagerFactory for persistence unit 'default'
2022-08-09 14:43:49.292  WARN 31716 --- [           main] JpaBaseConfiguration$JpaWebConfiguration : spring.jpa.open-in-view is enabled by default. Therefore, database queries may be performed during view rendering. Explicitly configure spring.jpa.open-in-view to disable this warning
2022-08-09 14:43:51.394  INFO 31716 --- [           main] o.s.b.a.e.web.EndpointLinksResolver      : Exposing 1 endpoint(s) beneath base path '/actuator'
2022-08-09 14:43:51.488  INFO 31716 --- [           main] c.s.w.A.t.ControllerTests.SelectArtTest  : Started SelectArtTest in 10.149 seconds (JVM running for 11.739)
2022-08-09 14:43:51.847  INFO 31716 --- [           main] o.s.b.t.m.w.SpringBootMockServletContext : Initializing Spring TestDispatcherServlet ''
2022-08-09 14:43:51.847  INFO 31716 --- [           main] o.s.t.web.servlet.TestDispatcherServlet  : Initializing Servlet ''
2022-08-09 14:43:51.851  INFO 31716 --- [           main] o.s.t.web.servlet.TestDispatcherServlet  : Completed initialization in 4 ms
2022-08-09 14:43:51.935  INFO 31716 --- [           main] c.s.w.A.controlllers.ArticoliController  : ****** Otteniamo l'articolo con barcode 8008490000021 *******
Hibernate: select articoli0_.codart as codart1_0_, articoli0_.codstat as codstat2_0_, articoli0_.datacreazione as datacrea3_0_, articoli0_.descrizione as descrizi4_0_, articoli0_.idfamass as idfamass9_0_, articoli0_.idstatoart as idstatoa5_0_, articoli0_.idiva as idiva10_0_, articoli0_.pesonetto as pesonett6_0_, articoli0_.pzcart as pzcart7_0_, articoli0_.um as um8_0_ from articoli articoli0_ inner join barcode barcode1_ on articoli0_.codart=barcode1_.codart where barcode1_.barcode in (?)
Hibernate: select famassort0_.id as id1_2_0_, famassort0_.descrizione as descrizi2_2_0_ from famassort famassort0_ where famassort0_.id=?
Hibernate: select iva0_.idiva as idiva1_4_0_, iva0_.aliquota as aliquota2_4_0_, iva0_.descrizione as descrizi3_4_0_ from iva iva0_ where iva0_.idiva=?
Hibernate: select ingredient0_.codart as codart1_3_0_, ingredient0_.info as info2_3_0_ from ingredienti ingredient0_ where ingredient0_.codart=?
]]></system-out>
  </testcase>
  <testcase name="ErrlistArtByEan" classname="com.souhail.weapp.AlphaShopWebService.tests.ControllerTests.SelectArtTest" time="0.198"/>
  <testcase name="listArtByCodArt" classname="com.souhail.weapp.AlphaShopWebService.tests.ControllerTests.SelectArtTest" time="0.026">
    <error message="Request processing failed; nested exception is java.util.MissingFormatArgumentException: Format specifier &apos;%s&apos;" type="org.springframework.web.util.NestedServletException">org.springframework.web.util.NestedServletException: Request processing failed; nested exception is java.util.MissingFormatArgumentException: Format specifier '%s'
	at com.souhail.weapp.AlphaShopWebService.tests.ControllerTests.SelectArtTest.listArtByCodArt(SelectArtTest.java:145)
Caused by: java.util.MissingFormatArgumentException: Format specifier '%s'
	at com.souhail.weapp.AlphaShopWebService.tests.ControllerTests.SelectArtTest.listArtByCodArt(SelectArtTest.java:145)
</error>
    <system-out><![CDATA[2022-08-09 14:43:52.338  INFO 31716 --- [           main] o.s.b.t.m.w.SpringBootMockServletContext : Initializing Spring TestDispatcherServlet ''
2022-08-09 14:43:52.338  INFO 31716 --- [           main] o.s.t.web.servlet.TestDispatcherServlet  : Initializing Servlet ''
2022-08-09 14:43:52.339  INFO 31716 --- [           main] o.s.t.web.servlet.TestDispatcherServlet  : Completed initialization in 1 ms
2022-08-09 14:43:52.343  INFO 31716 --- [           main] c.s.w.A.controlllers.ArticoliController  : ***** Otteniamo l'articolo con codice 002000301b*****
Hibernate: select articoli0_.codart as codart1_0_, articoli0_.codstat as codstat2_0_, articoli0_.datacreazione as datacrea3_0_, articoli0_.descrizione as descrizi4_0_, articoli0_.idfamass as idfamass9_0_, articoli0_.idstatoart as idstatoa5_0_, articoli0_.idiva as idiva10_0_, articoli0_.pesonetto as pesonett6_0_, articoli0_.pzcart as pzcart7_0_, articoli0_.um as um8_0_ from articoli articoli0_ inner join barcode barcode1_ on articoli0_.codart=barcode1_.codart where barcode1_.barcode in (?)
]]></system-out>
  </testcase>
  <testcase name="errlistArtByCodArt" classname="com.souhail.weapp.AlphaShopWebService.tests.ControllerTests.SelectArtTest" time="0.019">
    <error message="Request processing failed; nested exception is java.util.MissingFormatArgumentException: Format specifier &apos;%s&apos;" type="org.springframework.web.util.NestedServletException">org.springframework.web.util.NestedServletException: Request processing failed; nested exception is java.util.MissingFormatArgumentException: Format specifier '%s'
	at com.souhail.weapp.AlphaShopWebService.tests.ControllerTests.SelectArtTest.errlistArtByCodArt(SelectArtTest.java:159)
Caused by: java.util.MissingFormatArgumentException: Format specifier '%s'
	at com.souhail.weapp.AlphaShopWebService.tests.ControllerTests.SelectArtTest.errlistArtByCodArt(SelectArtTest.java:159)
</error>
    <system-out><![CDATA[2022-08-09 14:43:52.363  INFO 31716 --- [           main] o.s.b.t.m.w.SpringBootMockServletContext : Initializing Spring TestDispatcherServlet ''
2022-08-09 14:43:52.364  INFO 31716 --- [           main] o.s.t.web.servlet.TestDispatcherServlet  : Initializing Servlet ''
2022-08-09 14:43:52.365  INFO 31716 --- [           main] o.s.t.web.servlet.TestDispatcherServlet  : Completed initialization in 1 ms
2022-08-09 14:43:52.369  INFO 31716 --- [           main] c.s.w.A.controlllers.ArticoliController  : ***** Otteniamo l'articolo con codice 002000301b*****
Hibernate: select articoli0_.codart as codart1_0_, articoli0_.codstat as codstat2_0_, articoli0_.datacreazione as datacrea3_0_, articoli0_.descrizione as descrizi4_0_, articoli0_.idfamass as idfamass9_0_, articoli0_.idstatoart as idstatoa5_0_, articoli0_.idiva as idiva10_0_, articoli0_.pesonetto as pesonett6_0_, articoli0_.pzcart as pzcart7_0_, articoli0_.um as um8_0_ from articoli articoli0_ inner join barcode barcode1_ on articoli0_.codart=barcode1_.codart where barcode1_.barcode in (?)
]]></system-out>
  </testcase>
  <testcase name="listArtByDesc" classname="com.souhail.weapp.AlphaShopWebService.tests.ControllerTests.SelectArtTest" time="0.14">
    <failure message="[codArt=002000301]&#10;Expected: barcode&#10;     but none found&#10; ; [codArt=002000301]&#10;Expected: dataCreaz&#10;     but none found&#10; ; [codArt=002000301]&#10;Expected: famAssort&#10;     but none found&#10; ; [codArt=002000301].idStatoArt&#10;Expected: 1&#10;     got: null&#10; ; [codArt=002000301]&#10;Expected: ingredienti&#10;     but none found&#10; ; [codArt=002000301]&#10;Expected: iva&#10;     but none found&#10;" type="java.lang.AssertionError">java.lang.AssertionError: 
[codArt=002000301]
Expected: barcode
     but none found
 ; [codArt=002000301]
Expected: dataCreaz
     but none found
 ; [codArt=002000301]
Expected: famAssort
     but none found
 ; [codArt=002000301].idStatoArt
Expected: 1
     got: null
 ; [codArt=002000301]
Expected: ingredienti
     but none found
 ; [codArt=002000301]
Expected: iva
     but none found

	at com.souhail.weapp.AlphaShopWebService.tests.ControllerTests.SelectArtTest.listArtByDesc(SelectArtTest.java:180)
</failure>
    <system-out><![CDATA[2022-08-09 14:43:52.385  INFO 31716 --- [           main] o.s.b.t.m.w.SpringBootMockServletContext : Initializing Spring TestDispatcherServlet ''
2022-08-09 14:43:52.386  INFO 31716 --- [           main] o.s.t.web.servlet.TestDispatcherServlet  : Initializing Servlet ''
2022-08-09 14:43:52.388  INFO 31716 --- [           main] o.s.t.web.servlet.TestDispatcherServlet  : Completed initialization in 2 ms
2022-08-09 14:43:52.391  INFO 31716 --- [           main] c.s.w.A.controlllers.ArticoliController  : ****** Otteniamo gli articoli con DescrizioneACQUA ULIVETO 15 LT *******
Hibernate: SELECT * FROM ARTICOLI WHERE DESCRIZIONE LIKE ?
Hibernate: select famassort0_.id as id1_2_0_, famassort0_.descrizione as descrizi2_2_0_ from famassort famassort0_ where famassort0_.id=?
Hibernate: select iva0_.idiva as idiva1_4_0_, iva0_.aliquota as aliquota2_4_0_, iva0_.descrizione as descrizi3_4_0_ from iva iva0_ where iva0_.idiva=?
Hibernate: select ingredient0_.codart as codart1_3_0_, ingredient0_.info as info2_3_0_ from ingredienti ingredient0_ where ingredient0_.codart=?
]]></system-out>
  </testcase>
</testsuite>